<?xml version="1.0" encoding="UTF-8"?>
<testsuite name="storeOperations.OperationsAboutStore" tests="4" skipped="0" failures="0" errors="0" timestamp="2023-02-26T02:14:30" hostname="REYAD" time="10.528">
  <properties/>
  <testcase name="placeAOrder" classname="storeOperations.OperationsAboutStore" time="4.228"/>
  <testcase name="getOrderDetails" classname="storeOperations.OperationsAboutStore" time="2.152"/>
  <testcase name="deleteByOrderId" classname="storeOperations.OperationsAboutStore" time="2.104"/>
  <testcase name="inventoryStatus" classname="storeOperations.OperationsAboutStore" time="2.037"/>
  <system-out><![CDATA[{"petId":"100","quantity":"20","id":"10","shipDate":"2023-02-26T00:06:30.855Z","complete":"true","status":"placed"}
HTTP/1.1 200 OK
Date: Sun, 26 Feb 2023 02:14:32 GMT
Content-Type: application/json
Transfer-Encoding: chunked
Connection: keep-alive
Access-Control-Allow-Origin: *
Access-Control-Allow-Methods: GET, POST, DELETE, PUT
Access-Control-Allow-Headers: Content-Type, api_key, Authorization
Server: Jetty(9.2.9.v20150224)

{
    "id": 10,
    "petId": 100,
    "quantity": 20,
    "shipDate": "2023-02-26T00:06:30.855+0000",
    "status": "placed",
    "complete": true
}
HTTP/1.1 200 OK
Date: Sun, 26 Feb 2023 02:14:34 GMT
Content-Type: application/json
Transfer-Encoding: chunked
Connection: keep-alive
Access-Control-Allow-Origin: *
Access-Control-Allow-Methods: GET, POST, DELETE, PUT
Access-Control-Allow-Headers: Content-Type, api_key, Authorization
Server: Jetty(9.2.9.v20150224)

{
    "id": 10,
    "petId": 100,
    "quantity": 20,
    "shipDate": "2023-02-26T00:06:30.855+0000",
    "status": "placed",
    "complete": true
}
HTTP/1.1 200 OK
Date: Sun, 26 Feb 2023 02:14:36 GMT
Content-Type: application/json
Transfer-Encoding: chunked
Connection: keep-alive
Access-Control-Allow-Origin: *
Access-Control-Allow-Methods: GET, POST, DELETE, PUT
Access-Control-Allow-Headers: Content-Type, api_key, Authorization
Server: Jetty(9.2.9.v20150224)

{
    "code": 200,
    "type": "unknown",
    "message": "10"
}
HTTP/1.1 200 OK
Date: Sun, 26 Feb 2023 02:14:38 GMT
Content-Type: application/json
Transfer-Encoding: chunked
Connection: keep-alive
Access-Control-Allow-Origin: *
Access-Control-Allow-Methods: GET, POST, DELETE, PUT
Access-Control-Allow-Headers: Content-Type, api_key, Authorization
Server: Jetty(9.2.9.v20150224)

{
    "sold": 20,
    "string": 645,
    "available": 335
}
]]></system-out>
  <system-err><![CDATA[]]></system-err>
</testsuite>
